[HUB OVERSIGHT] Local AST Parse Failed: Line 1 - expected ':'
[HUB OVERSIGHT] Local AST Parse Failed: Line 1 - expected ':'
[HUB OVERSIGHT] Local AST Parse Failed: Line 1 - expected ':'
[HUB OVERSIGHT] Local AST Parse Failed: Line 1 - expected ':'
[HUB OVERSIGHT] Local AST Parse Failed: Line 1 - expected ':'
[HUB OVERSIGHT] Local AST Parse Failed: Line 1 - expected ':'
[HUB OVERSIGHT] Local AST Parse Failed: Line 1 - expected ':'
[HUB OVERSIGHT] Local AST Parse Failed: Line 1 - expected ':'
[HUB OVERSIGHT] Local AST Parse Failed: Line 1 - expected ':'
[HUB OVERSIGHT] Local AST Parse Failed: Line 1 - expected ':'
[HUB OVERSIGHT] Local AST Parse Failed: Line 1 - expected ':'
[HUB OVERSIGHT] Local AST Parse Failed: Line 1 - expected ':'
[HUB OVERSIGHT] Initiating DAY shift micro-audit intercept for LANE_ALPHA on file: Qualitative/psychological/qualitative_scoring.py
[HUB OVERSIGHT] WARN: Premium API keys missing. Executing local heuristic fallback validation.
[HUB OVERSIGHT] Initiating DAY shift micro-audit intercept for LANE_BETA on file: Qualitative/psychological/qualitative_scoring.py
[HUB OVERSIGHT] WARN: Premium API keys missing. Executing local heuristic fallback validation.
[HUB OVERSIGHT] Initiating DAY shift micro-audit intercept for LANE_GAMMA on file: Qualitative/psychological/scrapers/hiring_velocity.py
[HUB OVERSIGHT] WARN: Premium API keys missing. Executing local heuristic fallback validation.
[HUB OVERSIGHT] Local AST Parse Failed: Line 1 - expected ':'
[HUB OVERSIGHT] Initiating DAY shift micro-audit intercept for LANE_ALPHA on file: Qualitative/psychological/qualitative_scoring.py
[HUB OVERSIGHT] WARN: Premium API keys missing. Executing local heuristic fallback validation.
[HUB OVERSIGHT] Initiating DAY shift micro-audit intercept for LANE_BETA on file: Qualitative/psychological/qualitative_scoring.py
[HUB OVERSIGHT] WARN: Premium API keys missing. Executing local heuristic fallback validation.
[HUB OVERSIGHT] Initiating DAY shift micro-audit intercept for LANE_GAMMA on file: Qualitative/psychological/scrapers/hiring_velocity.py
[HUB OVERSIGHT] WARN: Premium API keys missing. Executing local heuristic fallback validation.
[HUB OVERSIGHT] Error: Target file not found at path /Users/hayden/Desktop/lane_zeta/Quantitative/bonds/bond_etf_screener.py
[HUB OVERSIGHT] Error: Target file not found at path /Users/hayden/Desktop/lane_eta/Quantitative/gold_etf/gold_etf_screener.py
[HUB OVERSIGHT] Error: Target file not found at path /Users/hayden/Desktop/lane_theta/Quantitative/audit/audit_report_generator.py
[HUB OVERSIGHT] Local AST Parse Failed: Line 1 - expected ':'
[HUB OVERSIGHT] Initiating DAY shift micro-audit intercept for LANE_ZETA on file: Quantitative/bonds/bond_etf_screener.py
[HUB OVERSIGHT] CRITICAL: Policing Hub Violation. Forbidden ticker 'AGG' found in generated code for lane_zeta.
[HUB OVERSIGHT] Initiating DAY shift micro-audit intercept for LANE_ZETA on file: Quantitative/bonds/bond_etf_screener.py
[HUB OVERSIGHT] WARN: Premium API keys missing. Executing local heuristic fallback validation.
[HUB OVERSIGHT] Initiating DAY shift micro-audit intercept for LANE_ETA on file: Quantitative/gold_etf/gold_etf_screener.py
[HUB OVERSIGHT] CRITICAL: Policing Hub Violation. Forbidden ticker 'GLD' found in generated code for lane_eta.
[HUB OVERSIGHT] Initiating DAY shift micro-audit intercept for LANE_ZETA on file: Quantitative/bonds/bond_etf_screener.py
[HUB OVERSIGHT] WARN: Premium API keys missing. Executing local heuristic fallback validation.
[HUB OVERSIGHT] Initiating DAY shift micro-audit intercept for LANE_ETA on file: Quantitative/gold_etf/gold_etf_screener.py
[HUB OVERSIGHT] WARN: Premium API keys missing. Executing local heuristic fallback validation.
[HUB OVERSIGHT] Initiating DAY shift micro-audit intercept for LANE_THETA on file: Quantitative/audit/audit_report_generator.py
[HUB OVERSIGHT] WARN: Premium API keys missing. Executing local heuristic fallback validation.
[HUB OVERSIGHT] Local AST Parse Failed: Line 1 - expected ':'
